<?xml version="1.0" encoding="UTF-8"?>
<!-- Generated by org.testng.reporters.JUnitReportReporter -->
<testsuite hostname="rashidali" failures="0" tests="29" name="apiAutomation.ApiAutomation" time="34.349" errors="0" timestamp="2022-12-26T11:12:35 PKT" skipped="0">
  <testcase classname="apiAutomation.ApiAutomation" name="TC0001_GETUserStats" time="1.011"/>
  <system-out/>
  <testcase classname="apiAutomation.ApiAutomation" name="TC0002_GETRoundStats" time="11.402"/>
  <system-out/>
  <testcase classname="apiAutomation.ApiAutomation" name="TC0003_GETUserAttribute" time="0.984"/>
  <system-out/>
  <testcase classname="apiAutomation.ApiAutomation" name="TC0004_GETActivityFeed" time="1.503"/>
  <system-out/>
  <testcase classname="apiAutomation.ApiAutomation" name="TC0005_GETRecommendedUsers" time="0.542"/>
  <system-out/>
  <testcase classname="apiAutomation.ApiAutomation" name="TC0006_GETComments" time="0.485"/>
  <system-out/>
  <testcase classname="apiAutomation.ApiAutomation" name="TC0007_POSTComments" time="0.660"/>
  <system-out/>
  <testcase classname="apiAutomation.ApiAutomation" name="TC0008_GETFollowings" time="0.882"/>
  <system-out/>
  <testcase classname="apiAutomation.ApiAutomation" name="TC0009_GETFollowers" time="0.473"/>
  <system-out/>
  <testcase classname="apiAutomation.ApiAutomation" name="TC0010_GETPro" time="0.478"/>
  <system-out/>
  <testcase classname="apiAutomation.ApiAutomation" name="TC0011_GETPro" time="0.489"/>
  <system-out/>
  <testcase classname="apiAutomation.ApiAutomation" name="TC0012_GETPro" time="0.499"/>
  <system-out/>
  <testcase classname="apiAutomation.ApiAutomation" name="TC00013_POSTSearchPlayer" time="0.688"/>
  <system-out/>
  <testcase classname="apiAutomation.ApiAutomation" name="TC0014_GETCompareAllRounds" time="0.489"/>
  <system-out/>
  <testcase classname="apiAutomation.ApiAutomation" name="TC0015_GETCompareLastTenRounds" time="0.483"/>
  <system-out/>
  <testcase classname="apiAutomation.ApiAutomation" name="TC0016_GETGolfCourse" time="1.222"/>
  <system-out/>
  <testcase classname="apiAutomation.ApiAutomation" name="TC0017_GETGolfCoursePlayers" time="0.944"/>
  <system-out/>
  <testcase classname="apiAutomation.ApiAutomation" name="TC0018_GETGolfCourseRounds" time="1.396"/>
  <system-out/>
  <testcase classname="apiAutomation.ApiAutomation" name="TC0019_GETGolfCourseNearby" time="3.922"/>
  <system-out/>
  <testcase classname="apiAutomation.ApiAutomation" name="TC0020_GETGolfCourseActivities" time="1.494"/>
  <system-out/>
  <testcase classname="apiAutomation.ApiAutomation" name="TC0021_GETStrokeGainLastRound" time="0.492"/>
  <system-out/>
  <testcase classname="apiAutomation.ApiAutomation" name="TC0022_GETStrokeGainLastRound" time="0.476"/>
  <system-out/>
  <testcase classname="apiAutomation.ApiAutomation" name="TC0023_GETApproachMissLastRound" time="0.466"/>
  <system-out/>
  <testcase classname="apiAutomation.ApiAutomation" name="TC0024_GETApproachMissLastRound" time="0.470"/>
  <system-out/>
  <testcase classname="apiAutomation.ApiAutomation" name="TC0025_GETApproachMissLastRound" time="0.518"/>
  <system-out/>
  <testcase classname="apiAutomation.ApiAutomation" name="TC0026_GETApproachMissLastRoundMinDistance150" time="0.471"/>
  <system-out/>
  <testcase classname="apiAutomation.ApiAutomation" name="TC0027_GETApproachMissLastThreeRoundMaxDistance100" time="0.469"/>
  <system-out/>
  <testcase classname="apiAutomation.ApiAutomation" name="TC0028_GETApproachMissLastThreeRoundMaxDistance150" time="0.469"/>
  <system-out/>
  <testcase classname="apiAutomation.ApiAutomation" name="TC0029_GETApproachMissLastThreeRoundMinDistance150" time="0.472"/>
  <system-out/>
</testsuite> <!-- apiAutomation.ApiAutomation -->
