<?xml version="1.0" encoding="UTF-8"?>
<!-- Generated by org.testng.reporters.JUnitReportReporter -->
<testsuite hostname="rashidali" failures="0" tests="29" name="apiAutomation.ApiAutomation" time="39.971" errors="0" timestamp="2022-12-27T12:59:26 PKT" skipped="0">
  <testcase classname="apiAutomation.ApiAutomation" name="TC0001_GETUserStats" time="1.084"/>
  <system-out/>
  <testcase classname="apiAutomation.ApiAutomation" name="TC0002_GETRoundStats" time="9.298"/>
  <system-out/>
  <testcase classname="apiAutomation.ApiAutomation" name="TC0003_GETUserAttribute" time="1.678"/>
  <system-out/>
  <testcase classname="apiAutomation.ApiAutomation" name="TC0004_GETActivityFeed" time="4.930"/>
  <system-out/>
  <testcase classname="apiAutomation.ApiAutomation" name="TC0005_GETRecommendedUsers" time="0.566"/>
  <system-out/>
  <testcase classname="apiAutomation.ApiAutomation" name="TC0006_GETComments" time="0.480"/>
  <system-out/>
  <testcase classname="apiAutomation.ApiAutomation" name="TC0007_POSTComments" time="0.636"/>
  <system-out/>
  <testcase classname="apiAutomation.ApiAutomation" name="TC0008_GETFollowings" time="0.890"/>
  <system-out/>
  <testcase classname="apiAutomation.ApiAutomation" name="TC0009_GETFollowers" time="0.468"/>
  <system-out/>
  <testcase classname="apiAutomation.ApiAutomation" name="TC0010_GETPro" time="0.482"/>
  <system-out/>
  <testcase classname="apiAutomation.ApiAutomation" name="TC0011_GETPro" time="0.480"/>
  <system-out/>
  <testcase classname="apiAutomation.ApiAutomation" name="TC0012_GETPro" time="0.480"/>
  <system-out/>
  <testcase classname="apiAutomation.ApiAutomation" name="TC00013_POSTSearchPlayer" time="0.689"/>
  <system-out/>
  <testcase classname="apiAutomation.ApiAutomation" name="TC0014_GETCompareAllRounds" time="0.488"/>
  <system-out/>
  <testcase classname="apiAutomation.ApiAutomation" name="TC0015_GETCompareLastTenRounds" time="0.526"/>
  <system-out/>
  <testcase classname="apiAutomation.ApiAutomation" name="TC0016_GETGolfCourse" time="1.197"/>
  <system-out/>
  <testcase classname="apiAutomation.ApiAutomation" name="TC0017_GETGolfCoursePlayers" time="0.977"/>
  <system-out/>
  <testcase classname="apiAutomation.ApiAutomation" name="TC0018_GETGolfCourseRounds" time="1.531"/>
  <system-out/>
  <testcase classname="apiAutomation.ApiAutomation" name="TC0019_GETGolfCourseNearby" time="7.200"/>
  <system-out/>
  <testcase classname="apiAutomation.ApiAutomation" name="TC0020_GETGolfCourseActivities" time="1.536"/>
  <system-out/>
  <testcase classname="apiAutomation.ApiAutomation" name="TC0021_GETStrokeGainLastRound" time="0.501"/>
  <system-out/>
  <testcase classname="apiAutomation.ApiAutomation" name="TC0022_GETStrokeGainLastRound" time="0.466"/>
  <system-out/>
  <testcase classname="apiAutomation.ApiAutomation" name="TC0023_GETApproachMissLastRound" time="0.463"/>
  <system-out/>
  <testcase classname="apiAutomation.ApiAutomation" name="TC0024_GETApproachMissLastRound" time="0.456"/>
  <system-out/>
  <testcase classname="apiAutomation.ApiAutomation" name="TC0025_GETApproachMissLastRound" time="0.464"/>
  <system-out/>
  <testcase classname="apiAutomation.ApiAutomation" name="TC0026_GETApproachMissLastRoundMinDistance150" time="0.538"/>
  <system-out/>
  <testcase classname="apiAutomation.ApiAutomation" name="TC0027_GETApproachMissLastThreeRoundMaxDistance100" time="0.492"/>
  <system-out/>
  <testcase classname="apiAutomation.ApiAutomation" name="TC0028_GETApproachMissLastThreeRoundMaxDistance150" time="0.490"/>
  <system-out/>
  <testcase classname="apiAutomation.ApiAutomation" name="TC0029_GETApproachMissLastThreeRoundMinDistance150" time="0.485"/>
  <system-out/>
</testsuite> <!-- apiAutomation.ApiAutomation -->
